[bench_moe] DeepGEMM available — FP8 grouped GEMM path enabled.
======================================================================
  MoE-Inference-Bench (SC '25) — GLM-5 Expert Sweep
======================================================================
  GPU:          NVIDIA H100 80GB HBM3
  DeepGEMM:     available
  Mode:         full cross-product
  Warmup/Iters: 10/100
  Output dir:   results/moe_full/

  Total configs: 1440

[   1/1440] B= 1 T= 128 E=  8 K=2 I=1024 BF16
       pytorch_loop       median=  1.459 ms  p99=  1.576 ms     6.6 TFLOPS  MFU=  0.7%  memory-bound
[   2/1440] B= 1 T= 128 E=  8 K=2 I=1024 FP8
       pytorch_loop       median=  1.816 ms  p99=  1.982 ms     5.3 TFLOPS  MFU=  0.3%  memory-bound
       deepgemm_fp8       median=  0.629 ms  p99=  0.669 ms    15.4 TFLOPS  MFU=  0.8%  memory-bound
[   3/1440] B= 1 T= 128 E=  8 K=2 I=2048 BF16
       pytorch_loop       median=  1.386 ms  p99=  1.443 ms    13.9 TFLOPS  MFU=  1.4%  memory-bound
[   4/1440] B= 1 T= 128 E=  8 K=2 I=2048 FP8
       pytorch_loop       median=  2.157 ms  p99=  2.206 ms     9.0 TFLOPS  MFU=  0.5%  memory-bound
       deepgemm_fp8       median=  1.111 ms  p99=  1.145 ms    17.4 TFLOPS  MFU=  0.9%  memory-bound
[   5/1440] B= 1 T= 128 E=  8 K=2 I=4096 BF16
       pytorch_loop       median=  1.535 ms  p99=  1.575 ms    25.2 TFLOPS  MFU=  2.5%  memory-bound
[   6/1440] B= 1 T= 128 E=  8 K=2 I=4096 FP8
       pytorch_loop       median=  3.237 ms  p99=  3.295 ms    11.9 TFLOPS  MFU=  0.6%  memory-bound
       deepgemm_fp8       median=  2.169 ms  p99=  2.209 ms    17.8 TFLOPS  MFU=  0.9%  memory-bound
[   7/1440] B= 1 T= 128 E=  8 K=4 I=1024 BF16
       pytorch_loop       median=  1.197 ms  p99=  1.236 ms    16.1 TFLOPS  MFU=  1.6%  memory-bound
[   8/1440] B= 1 T= 128 E=  8 K=4 I=1024 FP8
       pytorch_loop       median=  1.643 ms  p99=  1.689 ms    11.8 TFLOPS  MFU=  0.6%  memory-bound
       deepgemm_fp8       median=  0.650 ms  p99=  0.673 ms    29.7 TFLOPS  MFU=  1.5%  memory-bound
[   9/1440] B= 1 T= 128 E=  8 K=4 I=2048 BF16
       pytorch_loop       median=  1.284 ms  p99=  1.318 ms    30.1 TFLOPS  MFU=  3.0%  memory-bound
[  10/1440] B= 1 T= 128 E=  8 K=4 I=2048 FP8
       pytorch_loop       median=  2.156 ms  p99=  2.206 ms    17.9 TFLOPS  MFU=  0.9%  memory-bound
       deepgemm_fp8       median=  1.146 ms  p99=  1.160 ms    33.7 TFLOPS  MFU=  1.7%  memory-bound
[  11/1440] B= 1 T= 128 E=  8 K=4 I=4096 BF16
       pytorch_loop       median=  1.477 ms  p99=  1.522 ms    52.3 TFLOPS  MFU=  5.3%  memory-bound
[  12/1440] B= 1 T= 128 E=  8 K=4 I=4096 FP8
       pytorch_loop       median=  3.254 ms  p99=  3.273 ms    23.8 TFLOPS  MFU=  1.2%  memory-bound
       deepgemm_fp8       median=  2.223 ms  p99=  2.311 ms    34.8 TFLOPS  MFU=  1.8%  memory-bound
[  13/1440] B= 1 T= 128 E=  8 K=8 I=1024 BF16
       pytorch_loop       median=  1.228 ms  p99=  1.296 ms    31.5 TFLOPS  MFU=  3.2%  memory-bound
[  14/1440] B= 1 T= 128 E=  8 K=8 I=1024 FP8
       pytorch_loop       median=  1.650 ms  p99=  1.677 ms    23.4 TFLOPS  MFU=  1.2%  memory-bound
       deepgemm_fp8       median=  0.702 ms  p99=  0.719 ms    55.1 TFLOPS  MFU=  2.8%  memory-bound
[  15/1440] B= 1 T= 128 E=  8 K=8 I=2048 BF16
       pytorch_loop       median=  1.286 ms  p99=  1.295 ms    60.1 TFLOPS  MFU=  6.1%  memory-bound
[  16/1440] B= 1 T= 128 E=  8 K=8 I=2048 FP8
       pytorch_loop       median=  2.167 ms  p99=  2.196 ms    35.7 TFLOPS  MFU=  1.8%  memory-bound
       deepgemm_fp8       median=  1.214 ms  p99=  1.230 ms    63.7 TFLOPS  MFU=  3.2%  memory-bound
[  17/1440] B= 1 T= 128 E=  8 K=8 I=4096 BF16
       pytorch_loop       median=  1.526 ms  p99=  1.589 ms   101.3 TFLOPS  MFU= 10.2%  memory-bound
[  18/1440] B= 1 T= 128 E=  8 K=8 I=4096 FP8
       pytorch_loop       median=  3.296 ms  p99=  3.319 ms    46.9 TFLOPS  MFU=  2.4%  memory-bound
       deepgemm_fp8       median=  2.329 ms  p99=  2.406 ms    66.4 TFLOPS  MFU=  3.4%  memory-bound
[  19/1440] B= 1 T= 128 E= 64 K=2 I=1024 BF16
       pytorch_loop       median=  8.872 ms  p99=  9.777 ms     1.1 TFLOPS  MFU=  0.1%  memory-bound
[  20/1440] B= 1 T= 128 E= 64 K=2 I=1024 FP8
       pytorch_loop       median= 12.441 ms  p99= 12.967 ms     0.8 TFLOPS  MFU=  0.0%  memory-bound
       deepgemm_fp8       median=  3.941 ms  p99=  3.959 ms     2.5 TFLOPS  MFU=  0.1%  memory-bound
[  21/1440] B= 1 T= 128 E= 64 K=2 I=2048 BF16
       pytorch_loop       median=  9.393 ms  p99=  9.454 ms     2.1 TFLOPS  MFU=  0.2%  memory-bound
[  22/1440] B= 1 T= 128 E= 64 K=2 I=2048 FP8
       pytorch_loop       median= 16.637 ms  p99= 17.505 ms     1.2 TFLOPS  MFU=  0.1%  memory-bound
       deepgemm_fp8       median=  7.775 ms  p99=  7.811 ms     2.5 TFLOPS  MFU=  0.1%  memory-bound
[  23/1440] B= 1 T= 128 E= 64 K=2 I=4096 BF16
       pytorch_loop       median= 10.903 ms  p99= 11.032 ms     3.5 TFLOPS  MFU=  0.4%  memory-bound
[  24/1440] B= 1 T= 128 E= 64 K=2 I=4096 FP8
       pytorch_loop       median= 25.157 ms  p99= 26.291 ms     1.5 TFLOPS  MFU=  0.1%  memory-bound
       deepgemm_fp8       median= 16.148 ms  p99= 16.167 ms     2.4 TFLOPS  MFU=  0.1%  memory-bound
[  25/1440] B= 1 T= 128 E= 64 K=4 I=1024 BF16
       pytorch_loop       median=  9.133 ms  p99=  9.302 ms     2.1 TFLOPS  MFU=  0.2%  memory-bound
[  26/1440] B= 1 T= 128 E= 64 K=4 I=1024 FP8
       pytorch_loop       median= 12.690 ms  p99= 13.218 ms     1.5 TFLOPS  MFU=  0.1%  memory-bound
       deepgemm_fp8       median=  3.978 ms  p99=  4.019 ms     4.9 TFLOPS  MFU=  0.2%  memory-bound
[  27/1440] B= 1 T= 128 E= 64 K=4 I=2048 BF16
       pytorch_loop       median=  9.899 ms  p99= 10.079 ms     3.9 TFLOPS  MFU=  0.4%  memory-bound
[  28/1440] B= 1 T= 128 E= 64 K=4 I=2048 FP8
       pytorch_loop       median= 17.041 ms  p99= 17.416 ms     2.3 TFLOPS  MFU=  0.1%  memory-bound
       deepgemm_fp8       median=  7.812 ms  p99=  7.855 ms     4.9 TFLOPS  MFU=  0.3%  memory-bound
[  29/1440] B= 1 T= 128 E= 64 K=4 I=4096 BF16
       pytorch_loop       median= 11.260 ms  p99= 11.323 ms     6.9 TFLOPS  MFU=  0.7%  memory-bound
[  30/1440] B= 1 T= 128 E= 64 K=4 I=4096 FP8
       pytorch_loop       median= 25.515 ms  p99= 25.663 ms     3.0 TFLOPS  MFU=  0.2%  memory-bound
       deepgemm_fp8       median= 16.203 ms  p99= 16.242 ms     4.8 TFLOPS  MFU=  0.2%  memory-bound
[  31/1440] B= 1 T= 128 E= 64 K=8 I=1024 BF16
       pytorch_loop       median=  9.137 ms  p99=  9.203 ms     4.2 TFLOPS  MFU=  0.4%  memory-bound
[  32/1440] B= 1 T= 128 E= 64 K=8 I=1024 FP8
       pytorch_loop       median= 12.660 ms  p99= 12.721 ms     3.1 TFLOPS  MFU=  0.2%  memory-bound
       deepgemm_fp8       median=  4.036 ms  p99=  4.118 ms     9.6 TFLOPS  MFU=  0.5%  memory-bound
[  33/1440] B= 1 T= 128 E= 64 K=8 I=2048 BF16
       pytorch_loop       median= 10.070 ms  p99= 10.298 ms     7.7 TFLOPS  MFU=  0.8%  memory-bound
[  34/1440] B= 1 T= 128 E= 64 K=8 I=2048 FP8
       pytorch_loop       median= 16.935 ms  p99= 17.161 ms     4.6 TFLOPS  MFU=  0.2%  memory-bound
       deepgemm_fp8       median=  7.885 ms  p99=  7.924 ms     9.8 TFLOPS  MFU=  0.5%  memory-bound
[  35/1440] B= 1 T= 128 E= 64 K=8 I=4096 BF16
       pytorch_loop       median= 11.410 ms  p99= 11.520 ms    13.6 TFLOPS  MFU=  1.4%  memory-bound
[  36/1440] B= 1 T= 128 E= 64 K=8 I=4096 FP8
       pytorch_loop       median= 25.799 ms  p99= 26.174 ms     6.0 TFLOPS  MFU=  0.3%  memory-bound
       deepgemm_fp8       median= 16.309 ms  p99= 16.321 ms     9.5 TFLOPS  MFU=  0.5%  memory-bound
[  37/1440] B= 1 T= 128 E=128 K=2 I=1024 BF16
       pytorch_loop       median= 15.873 ms  p99= 15.999 ms     0.6 TFLOPS  MFU=  0.1%  memory-bound
[  38/1440] B= 1 T= 128 E=128 K=2 I=1024 FP8
       pytorch_loop       median= 22.678 ms  p99= 22.880 ms     0.4 TFLOPS  MFU=  0.0%  memory-bound
       deepgemm_fp8       median=  7.735 ms  p99=  7.755 ms     1.2 TFLOPS  MFU=  0.1%  memory-bound
[  39/1440] B= 1 T= 128 E=128 K=2 I=2048 BF16
       pytorch_loop       median= 17.012 ms  p99= 17.213 ms     1.1 TFLOPS  MFU=  0.1%  memory-bound
[  40/1440] B= 1 T= 128 E=128 K=2 I=2048 FP8
       pytorch_loop       median= 30.928 ms  p99= 31.259 ms     0.6 TFLOPS  MFU=  0.0%  memory-bound
       deepgemm_fp8       median= 15.375 ms  p99= 15.431 ms     1.3 TFLOPS  MFU=  0.1%  memory-bound
[  41/1440] B= 1 T= 128 E=128 K=2 I=4096 BF16
       pytorch_loop       median= 19.303 ms  p99= 19.387 ms     2.0 TFLOPS  MFU=  0.2%  memory-bound
[  42/1440] B= 1 T= 128 E=128 K=2 I=4096 FP8
       pytorch_loop       median= 47.798 ms  p99= 47.895 ms     0.8 TFLOPS  MFU=  0.0%  memory-bound
       deepgemm_fp8       median= 32.136 ms  p99= 32.152 ms     1.2 TFLOPS  MFU=  0.1%  memory-bound
[  43/1440] B= 1 T= 128 E=128 K=4 I=1024 BF16
       pytorch_loop       median= 17.906 ms  p99= 18.576 ms     1.1 TFLOPS  MFU=  0.1%  memory-bound
[  44/1440] B= 1 T= 128 E=128 K=4 I=1024 FP8
       pytorch_loop       median= 24.755 ms  p99= 24.966 ms     0.8 TFLOPS  MFU=  0.0%  memory-bound
       deepgemm_fp8       median=  7.765 ms  p99=  7.787 ms     2.5 TFLOPS  MFU=  0.1%  memory-bound
[  45/1440] B= 1 T= 128 E=128 K=4 I=2048 BF16
       pytorch_loop       median= 18.714 ms  p99= 18.867 ms     2.1 TFLOPS  MFU=  0.2%  memory-bound
[  46/1440] B= 1 T= 128 E=128 K=4 I=2048 FP8
       pytorch_loop       median= 32.975 ms  p99= 33.094 ms     1.2 TFLOPS  MFU=  0.1%  memory-bound
       deepgemm_fp8       median= 15.412 ms  p99= 15.450 ms     2.5 TFLOPS  MFU=  0.1%  memory-bound
[  47/1440] B= 1 T= 128 E=128 K=4 I=4096 BF16
       pytorch_loop       median= 21.728 ms  p99= 21.822 ms     3.6 TFLOPS  MFU=  0.4%  memory-bound
[  48/1440] B= 1 T= 128 E=128 K=4 I=4096 FP8
       pytorch_loop       median= 50.164 ms  p99= 50.305 ms     1.5 TFLOPS  MFU=  0.1%  memory-bound
       deepgemm_fp8       median= 32.139 ms  p99= 32.159 ms     2.4 TFLOPS  MFU=  0.1%  memory-bound
[  49/1440] B= 1 T= 128 E=128 K=8 I=1024 BF16
       pytorch_loop       median= 18.183 ms  p99= 18.301 ms     2.1 TFLOPS  MFU=  0.2%  memory-bound
[  50/1440] B= 1 T= 128 E=128 K=8 I=1024 FP8
       pytorch_loop       median= 25.317 ms  p99= 26.184 ms     1.5 TFLOPS  MFU=  0.1%  memory-bound
       deepgemm_fp8       median=  7.817 ms  p99=  7.828 ms     4.9 TFLOPS  MFU=  0.2%  memory-bound
[  51/1440] B= 1 T= 128 E=128 K=8 I=2048 BF16
